Build started 12/3/2017 4:48:13 PM.
     1>Project "c:\Users\Kevin\documents\visual studio 2015\Projects\PlantsFakeData\PlantsFakeData\PlantsFakeData.vcxproj" on node 2 (Build target(s)).
     1>ClCompile:
         C:\Program Files (x86)\Microsoft Visual Studio 14.0\VC\bin\CL.exe /c /ZI /nologo /W3 /WX- /Od /Oy- /D WIN32 /D _DEBUG /D _CONSOLE /D _UNICODE /D UNICODE /Gm /EHsc /RTC1 /MDd /GS /fp:precise /Zc:wchar_t /Zc:forScope /Zc:inline /Fo"Debug\\" /Fd"Debug\vc140.pdb" /Gd /TP /analyze- /errorReport:prompt main.cpp
         main.cpp
     1>c:\users\kevin\documents\visual studio 2015\projects\plantsfakedata\plantsfakedata\main.cpp(24): warning C4996: 'strncpy': This function or variable may be unsafe. Consider using strncpy_s instead. To disable deprecation, use _CRT_SECURE_NO_WARNINGS. See online help for details.
         c:\program files (x86)\windows kits\10\include\10.0.10150.0\ucrt\string.h(346): note: see declaration of 'strncpy'
     1>c:\users\kevin\documents\visual studio 2015\projects\plantsfakedata\plantsfakedata\main.cpp(27): warning C4996: 'strncpy': This function or variable may be unsafe. Consider using strncpy_s instead. To disable deprecation, use _CRT_SECURE_NO_WARNINGS. See online help for details.
         c:\program files (x86)\windows kits\10\include\10.0.10150.0\ucrt\string.h(346): note: see declaration of 'strncpy'
     1>c:\users\kevin\documents\visual studio 2015\projects\plantsfakedata\plantsfakedata\main.cpp(29): warning C4996: 'strncpy': This function or variable may be unsafe. Consider using strncpy_s instead. To disable deprecation, use _CRT_SECURE_NO_WARNINGS. See online help for details.
         c:\program files (x86)\windows kits\10\include\10.0.10150.0\ucrt\string.h(346): note: see declaration of 'strncpy'
     1>c:\users\kevin\documents\visual studio 2015\projects\plantsfakedata\plantsfakedata\main.cpp(36): warning C4996: 'strncpy': This function or variable may be unsafe. Consider using strncpy_s instead. To disable deprecation, use _CRT_SECURE_NO_WARNINGS. See online help for details.
         c:\program files (x86)\windows kits\10\include\10.0.10150.0\ucrt\string.h(346): note: see declaration of 'strncpy'
     1>c:\users\kevin\documents\visual studio 2015\projects\plantsfakedata\plantsfakedata\main.cpp(39): warning C4996: 'strncpy': This function or variable may be unsafe. Consider using strncpy_s instead. To disable deprecation, use _CRT_SECURE_NO_WARNINGS. See online help for details.
         c:\program files (x86)\windows kits\10\include\10.0.10150.0\ucrt\string.h(346): note: see declaration of 'strncpy'
     1>c:\users\kevin\documents\visual studio 2015\projects\plantsfakedata\plantsfakedata\main.cpp(41): warning C4996: 'strncpy': This function or variable may be unsafe. Consider using strncpy_s instead. To disable deprecation, use _CRT_SECURE_NO_WARNINGS. See online help for details.
         c:\program files (x86)\windows kits\10\include\10.0.10150.0\ucrt\string.h(346): note: see declaration of 'strncpy'
     1>c:\users\kevin\documents\visual studio 2015\projects\plantsfakedata\plantsfakedata\main.cpp(48): warning C4996: 'strncpy': This function or variable may be unsafe. Consider using strncpy_s instead. To disable deprecation, use _CRT_SECURE_NO_WARNINGS. See online help for details.
         c:\program files (x86)\windows kits\10\include\10.0.10150.0\ucrt\string.h(346): note: see declaration of 'strncpy'
     1>c:\users\kevin\documents\visual studio 2015\projects\plantsfakedata\plantsfakedata\main.cpp(51): warning C4996: 'strncpy': This function or variable may be unsafe. Consider using strncpy_s instead. To disable deprecation, use _CRT_SECURE_NO_WARNINGS. See online help for details.
         c:\program files (x86)\windows kits\10\include\10.0.10150.0\ucrt\string.h(346): note: see declaration of 'strncpy'
     1>c:\users\kevin\documents\visual studio 2015\projects\plantsfakedata\plantsfakedata\main.cpp(53): warning C4996: 'strncpy': This function or variable may be unsafe. Consider using strncpy_s instead. To disable deprecation, use _CRT_SECURE_NO_WARNINGS. See online help for details.
         c:\program files (x86)\windows kits\10\include\10.0.10150.0\ucrt\string.h(346): note: see declaration of 'strncpy'
     1>c:\users\kevin\documents\visual studio 2015\projects\plantsfakedata\plantsfakedata\main.cpp(60): warning C4996: 'strncpy': This function or variable may be unsafe. Consider using strncpy_s instead. To disable deprecation, use _CRT_SECURE_NO_WARNINGS. See online help for details.
         c:\program files (x86)\windows kits\10\include\10.0.10150.0\ucrt\string.h(346): note: see declaration of 'strncpy'
     1>c:\users\kevin\documents\visual studio 2015\projects\plantsfakedata\plantsfakedata\main.cpp(63): warning C4996: 'strncpy': This function or variable may be unsafe. Consider using strncpy_s instead. To disable deprecation, use _CRT_SECURE_NO_WARNINGS. See online help for details.
         c:\program files (x86)\windows kits\10\include\10.0.10150.0\ucrt\string.h(346): note: see declaration of 'strncpy'
     1>c:\users\kevin\documents\visual studio 2015\projects\plantsfakedata\plantsfakedata\main.cpp(65): warning C4996: 'strncpy': This function or variable may be unsafe. Consider using strncpy_s instead. To disable deprecation, use _CRT_SECURE_NO_WARNINGS. See online help for details.
         c:\program files (x86)\windows kits\10\include\10.0.10150.0\ucrt\string.h(346): note: see declaration of 'strncpy'
     1>c:\users\kevin\documents\visual studio 2015\projects\plantsfakedata\plantsfakedata\main.cpp(72): warning C4996: 'strncpy': This function or variable may be unsafe. Consider using strncpy_s instead. To disable deprecation, use _CRT_SECURE_NO_WARNINGS. See online help for details.
         c:\program files (x86)\windows kits\10\include\10.0.10150.0\ucrt\string.h(346): note: see declaration of 'strncpy'
     1>c:\users\kevin\documents\visual studio 2015\projects\plantsfakedata\plantsfakedata\main.cpp(75): warning C4996: 'strncpy': This function or variable may be unsafe. Consider using strncpy_s instead. To disable deprecation, use _CRT_SECURE_NO_WARNINGS. See online help for details.
         c:\program files (x86)\windows kits\10\include\10.0.10150.0\ucrt\string.h(346): note: see declaration of 'strncpy'
     1>c:\users\kevin\documents\visual studio 2015\projects\plantsfakedata\plantsfakedata\main.cpp(77): warning C4996: 'strncpy': This function or variable may be unsafe. Consider using strncpy_s instead. To disable deprecation, use _CRT_SECURE_NO_WARNINGS. See online help for details.
         c:\program files (x86)\windows kits\10\include\10.0.10150.0\ucrt\string.h(346): note: see declaration of 'strncpy'
     1>c:\users\kevin\documents\visual studio 2015\projects\plantsfakedata\plantsfakedata\main.cpp(100): warning C4244: 'argument': conversion from 'time_t' to 'unsigned int', possible loss of data
     1>c:\users\kevin\documents\visual studio 2015\projects\plantsfakedata\plantsfakedata\main.cpp(103): warning C4996: 'fopen': This function or variable may be unsafe. Consider using fopen_s instead. To disable deprecation, use _CRT_SECURE_NO_WARNINGS. See online help for details.
         c:\program files (x86)\windows kits\10\include\10.0.10150.0\ucrt\stdio.h(205): note: see declaration of 'fopen'
     1>c:\users\kevin\documents\visual studio 2015\projects\plantsfakedata\plantsfakedata\main.cpp(104): warning C4996: 'fopen': This function or variable may be unsafe. Consider using fopen_s instead. To disable deprecation, use _CRT_SECURE_NO_WARNINGS. See online help for details.
         c:\program files (x86)\windows kits\10\include\10.0.10150.0\ucrt\stdio.h(205): note: see declaration of 'fopen'
       Link:
         C:\Program Files (x86)\Microsoft Visual Studio 14.0\VC\bin\link.exe /ERRORREPORT:PROMPT /OUT:"c:\users\kevin\documents\visual studio 2015\Projects\PlantsFakeData\Debug\PlantsFakeData.exe" /INCREMENTAL /NOLOGO kernel32.lib user32.lib gdi32.lib winspool.lib comdlg32.lib advapi32.lib shell32.lib ole32.lib oleaut32.lib uuid.lib odbc32.lib odbccp32.lib /MANIFEST /MANIFESTUAC:"level='asInvoker' uiAccess='false'" /manifest:embed /Debug /PDB:"c:\users\kevin\documents\visual studio 2015\Projects\PlantsFakeData\Debug\PlantsFakeData.pdb" /SUBSYSTEM:CONSOLE /TLBID:1 /DYNAMICBASE /NXCOMPAT /IMPLIB:"c:\users\kevin\documents\visual studio 2015\Projects\PlantsFakeData\Debug\PlantsFakeData.lib" /MACHINE:X86 Debug\main.obj
         PlantsFakeData.vcxproj -> c:\users\kevin\documents\visual studio 2015\Projects\PlantsFakeData\Debug\PlantsFakeData.exe
     1>Done Building Project "c:\Users\Kevin\documents\visual studio 2015\Projects\PlantsFakeData\PlantsFakeData\PlantsFakeData.vcxproj" (Build target(s)).

Build succeeded.

Time Elapsed 00:00:01.19
